bin
dev
etc
home
lib
media
mnt
opt
proc
root
rootfs-base
run
sbin
srv
sys
tmp
usr
var
allocation=1 chunk=8MB total=8MB
allocation=2 chunk=8MB total=16MB
allocation=1 chunk=8MB total=8MB
allocation=2 chunk=8MB total=16MB
allocation=3 chunk=8MB total=24MB
allocation=4 chunk=8MB total=32MB
allocation=5 chunk=8MB total=40MB
allocation=6 chunk=8MB total=48MB
allocation=7 chunk=8MB total=56MB
allocation=8 chunk=8MB total=64MB
allocation=9 chunk=8MB total=72MB
allocation=10 chunk=8MB total=80MB
allocation=11 chunk=8MB total=88MB
allocation=12 chunk=8MB total=96MB
allocation=13 chunk=8MB total=104MB
allocation=14 chunk=8MB total=112MB
allocation=15 chunk=8MB total=120MB
allocation=16 chunk=8MB total=128MB
allocation=17 chunk=8MB total=136MB
allocation=18 chunk=8MB total=144MB
allocation=19 chunk=8MB total=152MB
allocation=20 chunk=8MB total=160MB
allocation=21 chunk=8MB total=168MB
allocation=22 chunk=8MB total=176MB
allocation=23 chunk=8MB total=184MB
allocation=24 chunk=8MB total=192MB
allocation=25 chunk=8MB total=200MB
allocation=26 chunk=8MB total=208MB
allocation=27 chunk=8MB total=216MB
allocation=28 chunk=8MB total=224MB
allocation=29 chunk=8MB total=232MB
allocation=30 chunk=8MB total=240MB
allocation=31 chunk=8MB total=248MB
allocation=32 chunk=8MB total=256MB
allocation=33 chunk=8MB total=264MB
allocation=34 chunk=8MB total=272MB
allocation=35 chunk=8MB total=280MB
allocation=36 chunk=8MB total=288MB
allocation=37 chunk=8MB total=296MB
allocation=38 chunk=8MB total=304MB
allocation=39 chunk=8MB total=312MB
allocation=40 chunk=8MB total=320MB
allocation=41 chunk=8MB total=328MB
allocation=42 chunk=8MB total=336MB
allocation=43 chunk=8MB total=344MB
allocation=44 chunk=8MB total=352MB
allocation=45 chunk=8MB total=360MB
allocation=46 chunk=8MB total=368MB
allocation=47 chunk=8MB total=376MB
allocation=48 chunk=8MB total=384MB
allocation=49 chunk=8MB total=392MB
allocation=50 chunk=8MB total=400MB
allocation=51 chunk=8MB total=408MB
allocation=52 chunk=8MB total=416MB
allocation=53 chunk=8MB total=424MB
allocation=54 chunk=8MB total=432MB
allocation=55 chunk=8MB total=440MB
allocation=56 chunk=8MB total=448MB
allocation=57 chunk=8MB total=456MB
allocation=58 chunk=8MB total=464MB
allocation=59 chunk=8MB total=472MB
allocation=60 chunk=8MB total=480MB
allocation=61 chunk=8MB total=488MB
allocation=62 chunk=8MB total=496MB
allocation=63 chunk=8MB total=504MB
allocation=64 chunk=8MB total=512MB
allocation=65 chunk=8MB total=520MB
allocation=66 chunk=8MB total=528MB
allocation=67 chunk=8MB total=536MB
allocation=68 chunk=8MB total=544MB
allocation=69 chunk=8MB total=552MB
allocation=70 chunk=8MB total=560MB
allocation=71 chunk=8MB total=568MB
allocation=72 chunk=8MB total=576MB
allocation=73 chunk=8MB total=584MB
allocation=74 chunk=8MB total=592MB
allocation=75 chunk=8MB total=600MB
allocation=76 chunk=8MB total=608MB
allocation=77 chunk=8MB total=616MB
allocation=78 chunk=8MB total=624MB
allocation=79 chunk=8MB total=632MB
allocation=80 chunk=8MB total=640MB
allocation=81 chunk=8MB total=648MB
allocation=82 chunk=8MB total=656MB
allocation=83 chunk=8MB total=664MB
allocation=84 chunk=8MB total=672MB
allocation=85 chunk=8MB total=680MB
allocation=86 chunk=8MB total=688MB
allocation=87 chunk=8MB total=696MB
allocation=88 chunk=8MB total=704MB
allocation=89 chunk=8MB total=712MB
allocation=90 chunk=8MB total=720MB
allocation=91 chunk=8MB total=728MB
allocation=92 chunk=8MB total=736MB
allocation=93 chunk=8MB total=744MB
allocation=94 chunk=8MB total=752MB
allocation=95 chunk=8MB total=760MB
allocation=96 chunk=8MB total=768MB
allocation=97 chunk=8MB total=776MB
allocation=98 chunk=8MB total=784MB
allocation=99 chunk=8MB total=792MB
allocation=100 chunk=8MB total=800MB
allocation=101 chunk=8MB total=808MB
allocation=102 chunk=8MB total=816MB
allocation=103 chunk=8MB total=824MB
allocation=104 chunk=8MB total=832MB
allocation=105 chunk=8MB total=840MB
allocation=106 chunk=8MB total=848MB
allocation=107 chunk=8MB total=856MB
allocation=108 chunk=8MB total=864MB
allocation=109 chunk=8MB total=872MB
allocation=110 chunk=8MB total=880MB
allocation=111 chunk=8MB total=888MB
allocation=112 chunk=8MB total=896MB
allocation=113 chunk=8MB total=904MB
allocation=114 chunk=8MB total=912MB
allocation=115 chunk=8MB total=920MB
allocation=116 chunk=8MB total=928MB
allocation=117 chunk=8MB total=936MB
allocation=118 chunk=8MB total=944MB
allocation=119 chunk=8MB total=952MB
allocation=120 chunk=8MB total=960MB
allocation=121 chunk=8MB total=968MB
allocation=122 chunk=8MB total=976MB
allocation=123 chunk=8MB total=984MB
allocation=124 chunk=8MB total=992MB
allocation=125 chunk=8MB total=1000MB
allocation=126 chunk=8MB total=1008MB
allocation=127 chunk=8MB total=1016MB
allocation=128 chunk=8MB total=1024MB
allocation=129 chunk=8MB total=1032MB
allocation=130 chunk=8MB total=1040MB
allocation=131 chunk=8MB total=1048MB
allocation=132 chunk=8MB total=1056MB
allocation=133 chunk=8MB total=1064MB
allocation=134 chunk=8MB total=1072MB
allocation=135 chunk=8MB total=1080MB
allocation=136 chunk=8MB total=1088MB
allocation=137 chunk=8MB total=1096MB
allocation=138 chunk=8MB total=1104MB
allocation=139 chunk=8MB total=1112MB
allocation=140 chunk=8MB total=1120MB
allocation=141 chunk=8MB total=1128MB
allocation=142 chunk=8MB total=1136MB
allocation=143 chunk=8MB total=1144MB
allocation=144 chunk=8MB total=1152MB
allocation=145 chunk=8MB total=1160MB
allocation=146 chunk=8MB total=1168MB
allocation=147 chunk=8MB total=1176MB
allocation=148 chunk=8MB total=1184MB
allocation=149 chunk=8MB total=1192MB
allocation=150 chunk=8MB total=1200MB
allocation=151 chunk=8MB total=1208MB
allocation=152 chunk=8MB total=1216MB
allocation=153 chunk=8MB total=1224MB
allocation=154 chunk=8MB total=1232MB
allocation=155 chunk=8MB total=1240MB
allocation=156 chunk=8MB total=1248MB
allocation=157 chunk=8MB total=1256MB
allocation=158 chunk=8MB total=1264MB
allocation=159 chunk=8MB total=1272MB
allocation=160 chunk=8MB total=1280MB
allocation=161 chunk=8MB total=1288MB
allocation=162 chunk=8MB total=1296MB
allocation=163 chunk=8MB total=1304MB
allocation=164 chunk=8MB total=1312MB
allocation=165 chunk=8MB total=1320MB
allocation=166 chunk=8MB total=1328MB
allocation=167 chunk=8MB total=1336MB
allocation=168 chunk=8MB total=1344MB
allocation=169 chunk=8MB total=1352MB
allocation=170 chunk=8MB total=1360MB
allocation=171 chunk=8MB total=1368MB
allocation=172 chunk=8MB total=1376MB
allocation=173 chunk=8MB total=1384MB
allocation=174 chunk=8MB total=1392MB
allocation=175 chunk=8MB total=1400MB
allocation=176 chunk=8MB total=1408MB
allocation=177 chunk=8MB total=1416MB
allocation=178 chunk=8MB total=1424MB
allocation=179 chunk=8MB total=1432MB
allocation=180 chunk=8MB total=1440MB
allocation=181 chunk=8MB total=1448MB
allocation=182 chunk=8MB total=1456MB
allocation=183 chunk=8MB total=1464MB
allocation=184 chunk=8MB total=1472MB
allocation=185 chunk=8MB total=1480MB
allocation=186 chunk=8MB total=1488MB
allocation=187 chunk=8MB total=1496MB
allocation=188 chunk=8MB total=1504MB
allocation=189 chunk=8MB total=1512MB
allocation=190 chunk=8MB total=1520MB
allocation=191 chunk=8MB total=1528MB
allocation=192 chunk=8MB total=1536MB
allocation=193 chunk=8MB total=1544MB
allocation=194 chunk=8MB total=1552MB
allocation=195 chunk=8MB total=1560MB
allocation=196 chunk=8MB total=1568MB
allocation=197 chunk=8MB total=1576MB
allocation=198 chunk=8MB total=1584MB
allocation=199 chunk=8MB total=1592MB
allocation=200 chunk=8MB total=1600MB
allocation=201 chunk=8MB total=1608MB
allocation=202 chunk=8MB total=1616MB
allocation=203 chunk=8MB total=1624MB
allocation=204 chunk=8MB total=1632MB
allocation=205 chunk=8MB total=1640MB
allocation=206 chunk=8MB total=1648MB
allocation=207 chunk=8MB total=1656MB
allocation=208 chunk=8MB total=1664MB
allocation=209 chunk=8MB total=1672MB
allocation=210 chunk=8MB total=1680MB
allocation=211 chunk=8MB total=1688MB
allocation=212 chunk=8MB total=1696MB
allocation=213 chunk=8MB total=1704MB
allocation=214 chunk=8MB total=1712MB
allocation=215 chunk=8MB total=1720MB
allocation=216 chunk=8MB total=1728MB
allocation=217 chunk=8MB total=1736MB
allocation=218 chunk=8MB total=1744MB
allocation=219 chunk=8MB total=1752MB
allocation=220 chunk=8MB total=1760MB
allocation=221 chunk=8MB total=1768MB
allocation=222 chunk=8MB total=1776MB
allocation=223 chunk=8MB total=1784MB
allocation=224 chunk=8MB total=1792MB
allocation=225 chunk=8MB total=1800MB
allocation=226 chunk=8MB total=1808MB
allocation=227 chunk=8MB total=1816MB
allocation=228 chunk=8MB total=1824MB
allocation=229 chunk=8MB total=1832MB
allocation=230 chunk=8MB total=1840MB
allocation=231 chunk=8MB total=1848MB
allocation=232 chunk=8MB total=1856MB
allocation=233 chunk=8MB total=1864MB
allocation=234 chunk=8MB total=1872MB
allocation=235 chunk=8MB total=1880MB
allocation=236 chunk=8MB total=1888MB
allocation=237 chunk=8MB total=1896MB
allocation=238 chunk=8MB total=1904MB
allocation=239 chunk=8MB total=1912MB
allocation=240 chunk=8MB total=1920MB
allocation=241 chunk=8MB total=1928MB
allocation=242 chunk=8MB total=1936MB
allocation=243 chunk=8MB total=1944MB
allocation=244 chunk=8MB total=1952MB
allocation=245 chunk=8MB total=1960MB
allocation=246 chunk=8MB total=1968MB
allocation=247 chunk=8MB total=1976MB
allocation=248 chunk=8MB total=1984MB
allocation=249 chunk=8MB total=1992MB
allocation=250 chunk=8MB total=2000MB
allocation=251 chunk=8MB total=2008MB
allocation=252 chunk=8MB total=2016MB
allocation=253 chunk=8MB total=2024MB
allocation=254 chunk=8MB total=2032MB
allocation=255 chunk=8MB total=2040MB
allocation=256 chunk=8MB total=2048MB
allocation=257 chunk=8MB total=2056MB
allocation=258 chunk=8MB total=2064MB
allocation=259 chunk=8MB total=2072MB
allocation=260 chunk=8MB total=2080MB
allocation=261 chunk=8MB total=2088MB
allocation=262 chunk=8MB total=2096MB
allocation=263 chunk=8MB total=2104MB
allocation=264 chunk=8MB total=2112MB
allocation=265 chunk=8MB total=2120MB
allocation=266 chunk=8MB total=2128MB
allocation=267 chunk=8MB total=2136MB
allocation=268 chunk=8MB total=2144MB
allocation=269 chunk=8MB total=2152MB
allocation=270 chunk=8MB total=2160MB
allocation=271 chunk=8MB total=2168MB
allocation=272 chunk=8MB total=2176MB
allocation=273 chunk=8MB total=2184MB
allocation=274 chunk=8MB total=2192MB
allocation=275 chunk=8MB total=2200MB
allocation=276 chunk=8MB total=2208MB
allocation=277 chunk=8MB total=2216MB
allocation=278 chunk=8MB total=2224MB
allocation=279 chunk=8MB total=2232MB
allocation=280 chunk=8MB total=2240MB
allocation=281 chunk=8MB total=2248MB
allocation=282 chunk=8MB total=2256MB
allocation=283 chunk=8MB total=2264MB
allocation=284 chunk=8MB total=2272MB
allocation=285 chunk=8MB total=2280MB
allocation=286 chunk=8MB total=2288MB
allocation=287 chunk=8MB total=2296MB
allocation=288 chunk=8MB total=2304MB
allocation=289 chunk=8MB total=2312MB
allocation=290 chunk=8MB total=2320MB
allocation=291 chunk=8MB total=2328MB
allocation=292 chunk=8MB total=2336MB
allocation=293 chunk=8MB total=2344MB
allocation=294 chunk=8MB total=2352MB
allocation=295 chunk=8MB total=2360MB
allocation=296 chunk=8MB total=2368MB
allocation=297 chunk=8MB total=2376MB
allocation=298 chunk=8MB total=2384MB
allocation=299 chunk=8MB total=2392MB
allocation=300 chunk=8MB total=2400MB
allocation=301 chunk=8MB total=2408MB
allocation=302 chunk=8MB total=2416MB
allocation=303 chunk=8MB total=2424MB
allocation=304 chunk=8MB total=2432MB
allocation=305 chunk=8MB total=2440MB
allocation=306 chunk=8MB total=2448MB
allocation=307 chunk=8MB total=2456MB
allocation=308 chunk=8MB total=2464MB
allocation=309 chunk=8MB total=2472MB
allocation=310 chunk=8MB total=2480MB
allocation=311 chunk=8MB total=2488MB
allocation=312 chunk=8MB total=2496MB
allocation=313 chunk=8MB total=2504MB
allocation=314 chunk=8MB total=2512MB
allocation=315 chunk=8MB total=2520MB
allocation=316 chunk=8MB total=2528MB
allocation=317 chunk=8MB total=2536MB
allocation=318 chunk=8MB total=2544MB
allocation=319 chunk=8MB total=2552MB
allocation=320 chunk=8MB total=2560MB
allocation=321 chunk=8MB total=2568MB
allocation=322 chunk=8MB total=2576MB
allocation=323 chunk=8MB total=2584MB
allocation=324 chunk=8MB total=2592MB
allocation=325 chunk=8MB total=2600MB
allocation=326 chunk=8MB total=2608MB
allocation=327 chunk=8MB total=2616MB
allocation=328 chunk=8MB total=2624MB
allocation=329 chunk=8MB total=2632MB
allocation=330 chunk=8MB total=2640MB
allocation=331 chunk=8MB total=2648MB
allocation=332 chunk=8MB total=2656MB
allocation=333 chunk=8MB total=2664MB
allocation=334 chunk=8MB total=2672MB
allocation=335 chunk=8MB total=2680MB
allocation=336 chunk=8MB total=2688MB
allocation=337 chunk=8MB total=2696MB
allocation=338 chunk=8MB total=2704MB
allocation=339 chunk=8MB total=2712MB
allocation=340 chunk=8MB total=2720MB
allocation=341 chunk=8MB total=2728MB
allocation=342 chunk=8MB total=2736MB
allocation=343 chunk=8MB total=2744MB
allocation=344 chunk=8MB total=2752MB
allocation=345 chunk=8MB total=2760MB
allocation=346 chunk=8MB total=2768MB
allocation=347 chunk=8MB total=2776MB
allocation=348 chunk=8MB total=2784MB
allocation=349 chunk=8MB total=2792MB
allocation=350 chunk=8MB total=2800MB
allocation=351 chunk=8MB total=2808MB
allocation=352 chunk=8MB total=2816MB
allocation=353 chunk=8MB total=2824MB
allocation=354 chunk=8MB total=2832MB
allocation=355 chunk=8MB total=2840MB
allocation=356 chunk=8MB total=2848MB
allocation=357 chunk=8MB total=2856MB
allocation=358 chunk=8MB total=2864MB
allocation=359 chunk=8MB total=2872MB
allocation=360 chunk=8MB total=2880MB
allocation=361 chunk=8MB total=2888MB
allocation=362 chunk=8MB total=2896MB
allocation=363 chunk=8MB total=2904MB
allocation=364 chunk=8MB total=2912MB
allocation=365 chunk=8MB total=2920MB
allocation=366 chunk=8MB total=2928MB
allocation=367 chunk=8MB total=2936MB
allocation=368 chunk=8MB total=2944MB
allocation=369 chunk=8MB total=2952MB
allocation=370 chunk=8MB total=2960MB
allocation=371 chunk=8MB total=2968MB
allocation=372 chunk=8MB total=2976MB
allocation=373 chunk=8MB total=2984MB
allocation=374 chunk=8MB total=2992MB
allocation=375 chunk=8MB total=3000MB
allocation=376 chunk=8MB total=3008MB
allocation=377 chunk=8MB total=3016MB
allocation=378 chunk=8MB total=3024MB
allocation=379 chunk=8MB total=3032MB
allocation=380 chunk=8MB total=3040MB
allocation=381 chunk=8MB total=3048MB
allocation=382 chunk=8MB total=3056MB
allocation=383 chunk=8MB total=3064MB
allocation=384 chunk=8MB total=3072MB
allocation=385 chunk=8MB total=3080MB
allocation=386 chunk=8MB total=3088MB
allocation=387 chunk=8MB total=3096MB
allocation=388 chunk=8MB total=3104MB
allocation=389 chunk=8MB total=3112MB
allocation=390 chunk=8MB total=3120MB
allocation=391 chunk=8MB total=3128MB
allocation=392 chunk=8MB total=3136MB
allocation=393 chunk=8MB total=3144MB
allocation=394 chunk=8MB total=3152MB
allocation=395 chunk=8MB total=3160MB
allocation=396 chunk=8MB total=3168MB
allocation=397 chunk=8MB total=3176MB
allocation=398 chunk=8MB total=3184MB
allocation=399 chunk=8MB total=3192MB
allocation=400 chunk=8MB total=3200MB
allocation=401 chunk=8MB total=3208MB
allocation=402 chunk=8MB total=3216MB
allocation=403 chunk=8MB total=3224MB
allocation=404 chunk=8MB total=3232MB
allocation=405 chunk=8MB total=3240MB
allocation=406 chunk=8MB total=3248MB
allocation=407 chunk=8MB total=3256MB
allocation=408 chunk=8MB total=3264MB
allocation=409 chunk=8MB total=3272MB
allocation=410 chunk=8MB total=3280MB
allocation=411 chunk=8MB total=3288MB
allocation=412 chunk=8MB total=3296MB
allocation=413 chunk=8MB total=3304MB
allocation=414 chunk=8MB total=3312MB
allocation=415 chunk=8MB total=3320MB
allocation=416 chunk=8MB total=3328MB
allocation=417 chunk=8MB total=3336MB
allocation=418 chunk=8MB total=3344MB
allocation=419 chunk=8MB total=3352MB
allocation=420 chunk=8MB total=3360MB
allocation=421 chunk=8MB total=3368MB
allocation=422 chunk=8MB total=3376MB
allocation=423 chunk=8MB total=3384MB
allocation=424 chunk=8MB total=3392MB
allocation=425 chunk=8MB total=3400MB
allocation=426 chunk=8MB total=3408MB
allocation=427 chunk=8MB total=3416MB
allocation=428 chunk=8MB total=3424MB
allocation=429 chunk=8MB total=3432MB
allocation=430 chunk=8MB total=3440MB
allocation=431 chunk=8MB total=3448MB
allocation=432 chunk=8MB total=3456MB
allocation=433 chunk=8MB total=3464MB
allocation=434 chunk=8MB total=3472MB
allocation=435 chunk=8MB total=3480MB
allocation=436 chunk=8MB total=3488MB
allocation=437 chunk=8MB total=3496MB
allocation=438 chunk=8MB total=3504MB
allocation=439 chunk=8MB total=3512MB
allocation=440 chunk=8MB total=3520MB
allocation=441 chunk=8MB total=3528MB
allocation=442 chunk=8MB total=3536MB
allocation=443 chunk=8MB total=3544MB
allocation=444 chunk=8MB total=3552MB
allocation=445 chunk=8MB total=3560MB
allocation=446 chunk=8MB total=3568MB
allocation=447 chunk=8MB total=3576MB
allocation=448 chunk=8MB total=3584MB
allocation=449 chunk=8MB total=3592MB
allocation=450 chunk=8MB total=3600MB
allocation=451 chunk=8MB total=3608MB
allocation=452 chunk=8MB total=3616MB
allocation=453 chunk=8MB total=3624MB
allocation=454 chunk=8MB total=3632MB
allocation=455 chunk=8MB total=3640MB
allocation=456 chunk=8MB total=3648MB
allocation=457 chunk=8MB total=3656MB
allocation=458 chunk=8MB total=3664MB
allocation=459 chunk=8MB total=3672MB
allocation=460 chunk=8MB total=3680MB
allocation=461 chunk=8MB total=3688MB
allocation=462 chunk=8MB total=3696MB
allocation=463 chunk=8MB total=3704MB
allocation=464 chunk=8MB total=3712MB
allocation=465 chunk=8MB total=3720MB
allocation=466 chunk=8MB total=3728MB
allocation=467 chunk=8MB total=3736MB
allocation=468 chunk=8MB total=3744MB
allocation=469 chunk=8MB total=3752MB
allocation=470 chunk=8MB total=3760MB
allocation=471 chunk=8MB total=3768MB
allocation=472 chunk=8MB total=3776MB
allocation=473 chunk=8MB total=3784MB
allocation=474 chunk=8MB total=3792MB
allocation=475 chunk=8MB total=3800MB
allocation=476 chunk=8MB total=3808MB
allocation=477 chunk=8MB total=3816MB
allocation=478 chunk=8MB total=3824MB
allocation=479 chunk=8MB total=3832MB
allocation=480 chunk=8MB total=3840MB
allocation=481 chunk=8MB total=3848MB
allocation=482 chunk=8MB total=3856MB
allocation=483 chunk=8MB total=3864MB
allocation=484 chunk=8MB total=3872MB
allocation=485 chunk=8MB total=3880MB
allocation=486 chunk=8MB total=3888MB
allocation=487 chunk=8MB total=3896MB
allocation=488 chunk=8MB total=3904MB
allocation=489 chunk=8MB total=3912MB
allocation=490 chunk=8MB total=3920MB
allocation=491 chunk=8MB total=3928MB
allocation=492 chunk=8MB total=3936MB
allocation=493 chunk=8MB total=3944MB
allocation=494 chunk=8MB total=3952MB
allocation=495 chunk=8MB total=3960MB
allocation=496 chunk=8MB total=3968MB
allocation=497 chunk=8MB total=3976MB
cpu_hog alive elapsed=1 accumulator=15953423888612757415
cpu_hog alive elapsed=2 accumulator=2265255844168264135
cpu_hog alive elapsed=3 accumulator=17884584851970134169
cpu_hog alive elapsed=4 accumulator=63188577006204647
cpu_hog alive elapsed=5 accumulator=4067272285550329222
cpu_hog alive elapsed=7 accumulator=16715051241839087991
cpu_hog alive elapsed=8 accumulator=6077732711710629864
cpu_hog alive elapsed=9 accumulator=18036339723181393291
cpu_hog alive elapsed=11 accumulator=14571590246634577650
cpu_hog done duration=10 accumulator=14571590246634577650
cpu_hog alive elapsed=1 accumulator=14207711454439325094
cpu_hog alive elapsed=4 accumulator=12219803527333513727
cpu_hog alive elapsed=5 accumulator=14850314688029996821
cpu_hog done duration=10 accumulator=7169290420804608960
cpu_hog alive elapsed=1 accumulator=15249412126633465178
cpu_hog done duration=10 accumulator=16277121842009381527
cpu_hog done duration=10 accumulator=6742488972453511696
cpu_hog alive elapsed=1 accumulator=6753506409924787715
cpu_hog done duration=10 accumulator=3936435165624897974
cpu_hog alive elapsed=9 accumulator=10621001580582043323
cpu_hog done duration=10 accumulator=16179200457936275800
cpu_hog alive elapsed=10 accumulator=17522442287620627070
cpu_hog done duration=10 accumulator=17522442287620627070
cpu_hog alive elapsed=1 accumulator=13612947029154646247
cpu_hog alive elapsed=2 accumulator=829806000162578072
cpu_hog alive elapsed=3 accumulator=4647897866389326950
cpu_hog alive elapsed=4 accumulator=16114221885959641143
cpu_hog alive elapsed=9 accumulator=4785329814756003383
cpu_hog alive elapsed=10 accumulator=10638328420534345248
cpu_hog done duration=10 accumulator=10638328420534345248
cpu_hog alive elapsed=2 accumulator=16097513080800797367
cpu_hog alive elapsed=3 accumulator=8458852656428181411
cpu_hog alive elapsed=7 accumulator=9236189317548698949
cpu_hog alive elapsed=9 accumulator=4471961399457840725
cpu_hog done duration=10 accumulator=939714395673486520
